TN:
SF:/home1/05889/spotter/git/cse380/student-stpotter16/proj02/src/main.c
FN:12,main
FNDA:1,main
FNF:1
FNH:1
DA:12,1
DA:17,1
DA:21,1
DA:22,0
DA:23,0
DA:28,1
DA:29,1
DA:30,0
DA:32,0
DA:33,0
DA:34,0
DA:39,1
DA:40,1
DA:41,0
DA:43,0
DA:44,0
DA:45,0
DA:61,1
DA:62,1
DA:63,0
DA:65,0
DA:66,0
DA:71,1
DA:72,1
DA:73,0
DA:75,0
DA:76,0
DA:82,1
DA:83,1
DA:84,0
DA:86,0
DA:87,0
DA:91,1
DA:94,1
DA:95,1
DA:96,1
LF:36
LH:17
end_of_record
TN:
SF:/home1/05889/spotter/git/cse380/student-stpotter16/proj02/src/utilities.c
FN:16,input
FN:211,sanitize
FN:258,assemble
FN:859,solver
FN:979,errornorm
FN:1038,hdf5_output
FN:1307,output
FN:1484,cleanup
FNDA:1,solver
FNDA:1,input
FNDA:0,output
FNDA:1,hdf5_output
FNDA:1,errornorm
FNDA:1,sanitize
FNDA:1,assemble
FNDA:1,cleanup
FNF:8
FNH:7
DA:16,1
DA:20,1
DA:26,1
DA:27,1
DA:28,0
DA:29,0
DA:33,1
DA:38,1
DA:39,0
DA:40,1
DA:41,0
DA:42,1
DA:43,1
DA:45,0
DA:48,1
DA:49,1
DA:50,1
DA:53,1
DA:55,1
DA:56,0
DA:57,0
DA:58,0
DA:61,1
DA:62,0
DA:63,0
DA:64,0
DA:67,1
DA:68,0
DA:69,0
DA:70,0
DA:73,1
DA:74,0
DA:75,0
DA:76,0
DA:79,1
DA:80,0
DA:81,0
DA:82,0
DA:85,1
DA:86,0
DA:87,0
DA:88,0
DA:91,1
DA:92,0
DA:93,0
DA:94,0
DA:96,1
DA:97,0
DA:98,0
DA:99,0
DA:102,1
DA:103,0
DA:104,0
DA:105,0
DA:108,1
DA:109,0
DA:110,0
DA:111,0
DA:114,1
DA:115,0
DA:116,0
DA:117,0
DA:121,1
DA:122,0
DA:123,0
DA:124,0
DA:127,1
DA:128,0
DA:129,0
DA:130,0
DA:134,1
DA:135,0
DA:136,0
DA:137,0
DA:140,1
DA:141,0
DA:142,0
DA:143,0
DA:146,1
DA:149,1
DA:151,1
DA:153,1
DA:154,1
DA:155,1
DA:156,1
DA:157,1
DA:158,0
DA:159,0
DA:160,0
DA:161,0
DA:162,0
DA:164,0
DA:165,0
DA:168,1
DA:169,1
DA:170,1
DA:171,0
DA:172,0
DA:173,0
DA:175,0
DA:176,0
DA:179,1
DA:180,1
DA:181,1
DA:182,0
DA:183,0
DA:184,0
DA:186,0
DA:187,0
DA:190,1
DA:191,1
DA:192,1
DA:193,1
DA:194,1
DA:196,1
DA:197,1
DA:198,1
DA:199,1
DA:201,1
DA:204,1
DA:211,1
DA:214,1
DA:216,1
DA:219,1
DA:220,0
DA:221,0
DA:225,1
DA:226,0
DA:227,0
DA:231,1
DA:232,0
DA:233,0
DA:237,1
DA:239,1
DA:240,1
DA:241,1
DA:242,0
DA:243,0
DA:247,1
DA:249,1
DA:252,1
DA:258,1
DA:261,1
DA:263,1
DA:266,1
DA:267,1
DA:268,1
DA:269,0
DA:270,0
DA:274,0
DA:275,0
DA:276,0
DA:277,0
DA:278,0
DA:286,1
DA:287,1
DA:288,1
DA:292,1
DA:293,1
DA:303,9
DA:304,64
DA:305,64
DA:307,8
DA:308,8
DA:310,1
DA:312,1
DA:313,1
DA:314,1
DA:315,1
DA:316,1
DA:318,1
DA:319,8
DA:322,8
DA:323,1
DA:324,1
DA:326,7
DA:327,1
DA:328,1
DA:331,6
DA:332,6
DA:333,6
DA:334,6
DA:338,8
DA:340,8
DA:343,8
DA:347,1
DA:348,1
DA:349,0
DA:350,0
DA:358,0
DA:359,0
DA:360,0
DA:361,0
DA:363,0
DA:364,0
DA:365,0
DA:366,0
DA:367,0
DA:369,0
DA:370,0
DA:371,0
DA:372,0
DA:373,0
DA:380,0
DA:381,0
DA:382,0
DA:383,0
DA:386,0
DA:387,0
DA:388,0
DA:389,0
DA:390,0
DA:391,0
DA:395,0
DA:397,0
DA:400,0
DA:409,0
DA:410,0
DA:411,0
DA:412,0
DA:414,0
DA:417,0
DA:419,0
DA:420,0
DA:421,0
DA:422,0
DA:423,0
DA:425,0
DA:427,0
DA:428,0
DA:430,0
DA:431,0
DA:432,0
DA:433,0
DA:434,0
DA:435,0
DA:436,0
DA:437,0
DA:438,0
DA:440,0
DA:441,0
DA:442,0
DA:443,0
DA:446,0
DA:447,0
DA:448,0
DA:449,0
DA:450,0
DA:451,0
DA:452,0
DA:453,0
DA:454,0
DA:456,0
DA:457,0
DA:458,0
DA:459,0
DA:463,0
DA:464,0
DA:465,0
DA:466,0
DA:467,0
DA:468,0
DA:469,0
DA:470,0
DA:471,0
DA:472,0
DA:474,0
DA:475,0
DA:476,0
DA:477,0
DA:478,0
DA:485,0
DA:486,0
DA:487,0
DA:489,0
DA:493,0
DA:495,0
DA:498,0
DA:501,0
DA:502,0
DA:504,0
DA:505,0
DA:507,0
DA:508,0
DA:509,0
DA:512,0
DA:513,0
DA:514,0
DA:519,0
DA:520,0
DA:522,0
DA:523,0
DA:525,0
DA:526,0
DA:527,0
DA:530,0
DA:531,0
DA:532,0
DA:535,0
DA:537,0
DA:538,0
DA:540,0
DA:541,0
DA:542,0
DA:543,0
DA:544,0
DA:545,0
DA:546,0
DA:547,0
DA:548,0
DA:550,0
DA:551,0
DA:552,0
DA:553,0
DA:556,0
DA:557,0
DA:558,0
DA:559,0
DA:560,0
DA:561,0
DA:562,0
DA:563,0
DA:564,0
DA:565,0
DA:566,0
DA:567,0
DA:568,0
DA:569,0
DA:570,0
DA:571,0
DA:572,0
DA:573,0
DA:574,0
DA:575,0
DA:576,0
DA:577,0
DA:578,0
DA:579,0
DA:580,0
DA:581,0
DA:582,0
DA:584,0
DA:585,0
DA:586,0
DA:587,0
DA:588,0
DA:589,0
DA:590,0
DA:591,0
DA:594,0
DA:595,0
DA:596,0
DA:597,0
DA:598,0
DA:599,0
DA:600,0
DA:601,0
DA:602,0
DA:603,0
DA:604,0
DA:605,0
DA:606,0
DA:607,0
DA:608,0
DA:609,0
DA:610,0
DA:611,0
DA:612,0
DA:613,0
DA:614,0
DA:615,0
DA:616,0
DA:617,0
DA:618,0
DA:619,0
DA:620,0
DA:622,0
DA:623,0
DA:624,0
DA:625,0
DA:626,0
DA:627,0
DA:628,0
DA:629,0
DA:632,0
DA:633,0
DA:634,0
DA:635,0
DA:636,0
DA:637,0
DA:638,0
DA:639,0
DA:640,0
DA:642,0
DA:643,0
DA:644,0
DA:645,0
DA:649,0
DA:650,0
DA:651,0
DA:652,0
DA:653,0
DA:654,0
DA:655,0
DA:656,0
DA:657,0
DA:658,0
DA:659,0
DA:660,0
DA:661,0
DA:662,0
DA:663,0
DA:664,0
DA:665,0
DA:666,0
DA:667,0
DA:668,0
DA:669,0
DA:670,0
DA:671,0
DA:672,0
DA:673,0
DA:674,0
DA:675,0
DA:676,0
DA:678,0
DA:679,0
DA:680,0
DA:681,0
DA:682,0
DA:683,0
DA:684,0
DA:685,0
DA:686,0
DA:693,0
DA:694,0
DA:695,0
DA:697,0
DA:701,0
DA:703,0
DA:708,0
DA:709,0
DA:711,0
DA:712,0
DA:714,0
DA:715,0
DA:716,0
DA:719,0
DA:720,0
DA:721,0
DA:725,0
DA:726,0
DA:728,0
DA:729,0
DA:731,0
DA:732,0
DA:733,0
DA:736,0
DA:737,0
DA:738,0
DA:741,0
DA:742,0
DA:746,0
DA:747,0
DA:751,1
DA:752,1
DA:753,9
DA:754,64
DA:755,64
DA:757,8
DA:759,1
DA:760,9
DA:761,8
DA:764,1
DA:766,1
DA:859,1
DA:862,1
DA:864,1
DA:868,1
DA:870,1
DA:877,1
DA:880,1
DA:881,1
DA:882,228
DA:883,1816
DA:885,14528
DA:886,14528
DA:887,12712
DA:891,1816
DA:893,1816
DA:895,1816
DA:897,1816
DA:900,227
DA:901,227
DA:902,227
DA:903,1
DA:904,1
DA:907,226
DA:908,0
DA:909,0
DA:912,226
DA:914,226
DA:916,0
DA:917,0
DA:920,0
DA:922,0
DA:923,0
DA:925,0
DA:926,0
DA:928,0
DA:929,0
DA:930,0
DA:934,0
DA:936,0
DA:938,0
DA:941,0
DA:942,0
DA:943,0
DA:944,0
DA:945,0
DA:946,0
DA:949,0
DA:950,0
DA:951,0
DA:952,0
DA:955,0
DA:957,0
DA:959,0
DA:960,0
DA:968,1
DA:970,1
DA:972,1
DA:979,1
DA:982,1
DA:984,1
DA:988,1
DA:995,1
DA:998,1
DA:999,1
DA:1000,1
DA:1001,1
DA:1002,9
DA:1003,8
DA:1004,8
DA:1006,0
DA:1008,8
DA:1011,0
DA:1012,0
DA:1013,0
DA:1014,0
DA:1015,0
DA:1016,0
DA:1018,0
DA:1019,0
DA:1024,1
DA:1027,1
DA:1029,1
DA:1031,1
DA:1038,1
DA:1039,1
DA:1042,1
DA:1046,1
DA:1047,1
DA:1048,1
DA:1052,1
DA:1053,1
DA:1061,1
DA:1063,1
DA:1068,1
DA:1070,1
DA:1071,1
DA:1072,1
DA:1074,1
DA:1075,1
DA:1076,1
DA:1078,1
DA:1079,1
DA:1080,1
DA:1083,1
DA:1091,1
DA:1092,1
DA:1093,1
DA:1094,1
DA:1095,1
DA:1096,0
DA:1097,0
DA:1098,0
DA:1099,0
DA:1100,0
DA:1103,1
DA:1104,1
DA:1105,1
DA:1106,1
DA:1108,1
DA:1109,1
DA:1110,1
DA:1111,1
DA:1112,1
DA:1113,1
DA:1114,1
DA:1118,1
DA:1119,1
DA:1120,1
DA:1121,1
DA:1123,10
DA:1124,10
DA:1125,10
DA:1126,1
DA:1127,1
DA:1129,0
DA:1131,9
DA:1132,1
DA:1133,1
DA:1135,0
DA:1137,8
DA:1138,0
DA:1139,0
DA:1141,0
DA:1143,8
DA:1144,0
DA:1145,0
DA:1147,0
DA:1150,8
DA:1151,8
DA:1152,0
DA:1153,0
DA:1158,10
DA:1159,10
DA:1160,10
DA:1163,1
DA:1164,1
DA:1165,1
DA:1167,1
DA:1168,1
DA:1169,1
DA:1171,1
DA:1172,1
DA:1173,1
DA:1174,0
DA:1175,0
DA:1176,0
DA:1177,0
DA:1178,0
DA:1179,0
DA:1180,0
DA:1181,0
DA:1182,0
DA:1189,0
DA:1191,0
DA:1192,0
DA:1193,0
DA:1194,0
DA:1195,0
DA:1197,0
DA:1198,0
DA:1199,0
DA:1200,0
DA:1201,0
DA:1202,0
DA:1203,0
DA:1204,0
DA:1206,0
DA:1208,0
DA:1209,0
DA:1210,0
DA:1212,0
DA:1214,0
DA:1215,0
DA:1216,0
DA:1218,0
DA:1220,0
DA:1221,0
DA:1222,0
DA:1224,0
DA:1226,0
DA:1227,0
DA:1228,0
DA:1230,0
DA:1232,0
DA:1233,0
DA:1234,0
DA:1236,0
DA:1238,0
DA:1239,0
DA:1240,0
DA:1242,0
DA:1244,0
DA:1245,0
DA:1246,0
DA:1248,0
DA:1251,0
DA:1252,0
DA:1254,0
DA:1255,0
DA:1256,0
DA:1257,0
DA:1260,0
DA:1261,0
DA:1262,0
DA:1264,0
DA:1265,0
DA:1266,0
DA:1269,0
DA:1270,0
DA:1271,0
DA:1273,0
DA:1274,0
DA:1275,0
DA:1283,1
DA:1284,1
DA:1285,1
DA:1286,1
DA:1287,1
DA:1288,1
DA:1289,1
DA:1292,1
DA:1295,1
DA:1297,1
DA:1299,1
DA:1307,0
DA:1310,0
DA:1312,0
DA:1313,0
DA:1318,0
DA:1319,0
DA:1320,0
DA:1321,0
DA:1324,0
DA:1326,0
DA:1329,0
DA:1330,0
DA:1336,0
DA:1337,0
DA:1341,0
DA:1342,0
DA:1343,0
DA:1344,0
DA:1346,0
DA:1347,0
DA:1348,0
DA:1349,0
DA:1350,0
DA:1352,0
DA:1354,0
DA:1355,0
DA:1356,0
DA:1358,0
DA:1360,0
DA:1361,0
DA:1362,0
DA:1364,0
DA:1366,0
DA:1367,0
DA:1368,0
DA:1370,0
DA:1373,0
DA:1374,0
DA:1375,0
DA:1376,0
DA:1381,0
DA:1383,0
DA:1384,0
DA:1391,0
DA:1393,0
DA:1394,0
DA:1395,0
DA:1396,0
DA:1397,0
DA:1399,0
DA:1400,0
DA:1401,0
DA:1402,0
DA:1403,0
DA:1404,0
DA:1405,0
DA:1406,0
DA:1408,0
DA:1410,0
DA:1411,0
DA:1412,0
DA:1414,0
DA:1416,0
DA:1417,0
DA:1418,0
DA:1420,0
DA:1422,0
DA:1423,0
DA:1424,0
DA:1426,0
DA:1428,0
DA:1429,0
DA:1430,0
DA:1432,0
DA:1434,0
DA:1435,0
DA:1436,0
DA:1438,0
DA:1440,0
DA:1441,0
DA:1442,0
DA:1444,0
DA:1446,0
DA:1447,0
DA:1448,0
DA:1450,0
DA:1453,0
DA:1454,0
DA:1456,0
DA:1462,0
DA:1464,0
DA:1465,0
DA:1466,0
DA:1470,0
DA:1473,0
DA:1475,0
DA:1477,0
DA:1484,1
DA:1487,1
DA:1489,1
DA:1491,1
DA:1492,1
DA:1493,1
DA:1494,1
DA:1495,1
DA:1498,1
DA:1500,1
DA:1501,1
LF:827
LH:248
end_of_record
